<?xml version="1.0" encoding="UTF-8"?>
<testng-results ignored="0" total="1" passed="1" failed="0" skipped="0">
  <reporter-output>
  </reporter-output>
  <suite started-at="2022-02-12T11:23:14 IST" name="Default suite" finished-at="2022-02-12T11:23:42 IST" duration-ms="28387">
    <groups>
    </groups>
    <test started-at="2022-02-12T11:23:14 IST" name="Default test" finished-at="2022-02-12T11:23:42 IST" duration-ms="28387">
      <class name="TestCases.Loginapplication">
        <test-method signature="Login()[pri:0, instance:TestCases.Loginapplication@1b7cc17c]" started-at="2022-02-12T11:23:14 IST" name="Login" finished-at="2022-02-12T11:23:42 IST" duration-ms="28196" status="PASS">
          <reporter-output>
          </reporter-output>
        </test-method> <!-- Login -->
      </class> <!-- TestCases.Loginapplication -->
    </test> <!-- Default test -->
  </suite> <!-- Default suite -->
</testng-results>
